IQ-TREE multicore version 2.0.3 for Linux 64-bit built Dec 20 2020
Developed by Bui Quang Minh, Nguyen Lam Tung, Olga Chernomor,
Heiko Schmidt, Dominik Schrempf, Michael Woodhams.

Host:    6b7ed7a5d768 (AVX2, FMA3, 12 GB RAM)
Command: iqtree -nt AUTO -s trimmed_seq.fa
Seed:    330385 (Using SPRNG - Scalable Parallel Random Number Generator)
Time:    Wed Jun  8 15:28:09 2022
Kernel:  AVX+FMA - auto-detect threads (6 CPU cores detected)

Reading alignment file trimmed_seq.fa ... Clustal format detected
Alignment most likely contains protein sequences
Alignment has 28 sequences with 258 columns, 237 distinct patterns
124 parsimony-informative, 77 singleton sites, 57 constant sites
WARNING: Some sequence names are changed as follows:
Batrachochytrium_dendrobatidis_(strain_JAM81_/_FGSC_10211) -> Batrachochytrium_dendrobatidis__strain_JAM81_/_FGSC_10211_
Ostreococcus_lucimarinus_(strain_CCE9901) -> Ostreococcus_lucimarinus__strain_CCE9901_
Cyanidioschyzon_merolae_(strain_10D) -> Cyanidioschyzon_merolae__strain_10D_
Cavenderia_fasciculata_(strain_SH3) -> Cavenderia_fasciculata__strain_SH3_
Polysphondylium_pallidum_(strain_ATCC_26659_/_Pp_5_/_PN500) -> Polysphondylium_pallidum__strain_ATCC_26659_/_Pp_5_/_PN500_
Capsaspora_owczarzaki_(strain_ATCC_30864) -> Capsaspora_owczarzaki__strain_ATCC_30864_

                                                             Gap/Ambiguity  Composition  p-value
   1  Capitella_teleta                                               8.91%    passed     51.61%
   2  Batrachochytrium_dendrobatidis__strain_JAM81_/_FGSC_10211_    35.27%    passed     70.44%
   3  Ephemera_danica                                               35.27%    passed     80.22%
   4  Acyrthosiphon_pisum                                           35.27%    passed     48.08%
   5  Ziziphus_jujuba                                                7.36%    passed     24.40%
   6  Beauveria_bassiana_D1-5                                       35.27%    passed     46.71%
   7  Physcomitrium_patens                                          34.88%    passed     99.58%
   8  Abscondita_terminalis                                         35.27%    passed     94.34%
   9  Ostreococcus_tauri                                            34.88%    passed     99.81%
  10  Ostreococcus_lucimarinus__strain_CCE9901_                     34.88%    passed     99.77%
  11  Bathycoccus_prasinos                                          34.88%    passed     96.30%
  12  Chloropicon_primus                                            33.72%    passed     93.59%
  13  Thecamonas_trahens_ATCC_50062                                  5.81%    passed     74.40%
  14  Cyanidioschyzon_merolae__strain_10D_                          34.88%    passed     94.98%
  15  Gracilariopsis_chorda                                         34.50%    passed     99.07%
  16  Cyanidiococcus_yangmingshanensis                              34.88%    passed     98.87%
  17  Porphyra_umbilicalis                                          34.50%    passed     84.67%
  18  Porphyridium_purpureum                                        34.88%    passed     93.78%
  19  Dictyostelium_purpureum                                       35.27%    passed     99.05%
  20  Galdieria_sulphuraria                                         32.95%    passed     63.94%
  21  Cavenderia_fasciculata__strain_SH3_                           35.27%    passed     75.73%
  22  Chondrus_crispus                                              34.50%    passed     99.09%
  23  Polysphondylium_pallidum__strain_ATCC_26659_/_Pp_5_/_PN500_   35.27%    passed     94.84%
  24  Tieghemostelium_lacteum                                       35.27%    passed     98.12%
  25  Dictyostelium_discoideum                                      35.27%    passed     97.79%
  26  Capsaspora_owczarzaki__strain_ATCC_30864_                     31.78%    failed      0.01%
  27  Drosophila_rhopaloa                                           69.77%    passed     79.68%
  28  Branchiostoma_belcheri                                        80.62%    failed      0.08%
WARNING: 2 sequences contain more than 50% gaps/ambiguity
****  TOTAL                                                         34.69%  2 sequences failed composition chi2 test (p-value<5%; df=19)

Creating fast initial parsimony tree by random order stepwise addition...
0.019 seconds, parsimony score: 1117 (based on 201 sites)
Measuring multi-threading efficiency up to 6 CPU cores
Increase to 10 rounds for branch lengths
44 trees examined
Threads: 1 / Time: 6.017 sec / Speedup: 1.000 / Efficiency: 100% / LogL: -7475
Threads: 2 / Time: 3.450 sec / Speedup: 1.744 / Efficiency: 87% / LogL: -7475
Threads: 3 / Time: 2.621 sec / Speedup: 2.296 / Efficiency: 77% / LogL: -7475
Threads: 4 / Time: 2.416 sec / Speedup: 2.491 / Efficiency: 62% / LogL: -7475
Threads: 5 / Time: 2.077 sec / Speedup: 2.897 / Efficiency: 58% / LogL: -7475
Threads: 6 / Time: 2.448 sec / Speedup: 2.458 / Efficiency: 41% / LogL: -7475
BEST NUMBER OF THREADS: 5

Perform fast likelihood tree search using LG+I+G model...
Estimate model parameters (epsilon = 5.000)
Perform nearest neighbor interchange...
Estimate model parameters (epsilon = 1.000)
1. Initial log-likelihood: -5719.653
Optimal log-likelihood: -5719.515
Proportion of invariable sites: 0.066
Gamma shape alpha: 1.225
Parameters optimization took 1 rounds (0.020 sec)
Time for fast ML tree search: 0.151 seconds

NOTE: ModelFinder requires 11 MB RAM!
ModelFinder will test up to 546 protein models (sample size: 258) ...
 No. Model         -LnL         df  AIC          AICc         BIC
  1  LG            5958.879     53  12023.759    12051.817    12212.065
  2  LG+I          5882.710     54  11873.421    11902.682    12065.280
  3  LG+G4         5720.965     54  11549.930    11579.191    11741.790
  4  LG+I+G4       5719.470     55  11548.939    11579.434    11744.352
  5  LG+R2         5741.444     55  11592.887    11623.382    11788.300
  6  LG+R3         5720.667     57  11555.334    11588.394    11757.853
  7  LG+R4         5717.898     59  11553.796    11589.554    11763.421
 16  LG+F+G4       5728.222     73  11602.444    11661.161    11861.810
 17  LG+F+I+G4     5726.993     74  11601.986    11662.642    11864.905
 29  WAG+G4        5786.949     54  11681.898    11711.159    11873.758
 30  WAG+I+G4      5784.981     55  11679.963    11710.458    11875.376
 42  WAG+F+G4      5770.946     73  11687.893    11746.610    11947.259
 43  WAG+F+I+G4    5769.152     74  11686.304    11746.959    11949.223
 55  JTT+G4        5828.811     54  11765.622    11794.884    11957.482
 56  JTT+I+G4      5827.112     55  11764.224    11794.719    11959.637
 68  JTT+F+G4      5823.276     73  11792.551    11851.268    12051.917
 69  JTT+F+I+G4    5821.845     74  11791.691    11852.346    12054.610
 81  JTTDCMut+G4   5828.752     54  11765.504    11794.766    11957.364
 82  JTTDCMut+I+G4 5827.034     55  11764.068    11794.563    11959.481
 94  JTTDCMut+F+G4 5822.981     73  11791.962    11850.679    12051.328
 95  JTTDCMut+F+I+G4 5821.537     74  11791.073    11851.729    12053.992
107  DCMut+G4      5855.985     54  11819.970    11849.231    12011.830
108  DCMut+I+G4    5854.115     55  11818.229    11848.724    12013.642
120  DCMut+F+G4    5822.984     73  11791.968    11850.686    12051.334
121  DCMut+F+I+G4  5821.524     74  11791.049    11851.705    12053.968
133  VT+G4         5802.267     54  11712.535    11741.796    11904.394
134  VT+I+G4       5800.282     55  11710.565    11741.060    11905.977
146  VT+F+G4       5797.287     73  11740.574    11799.292    11999.940
147  VT+F+I+G4     5795.548     74  11739.096    11799.751    12002.015
159  PMB+G4        5824.275     54  11756.551    11785.812    11948.411
160  PMB+I+G4      5822.600     55  11755.200    11785.695    11950.613
172  PMB+F+G4      5819.276     73  11784.552    11843.269    12043.918
173  PMB+F+I+G4    5817.783     74  11783.566    11844.222    12046.485
185  Blosum62+G4   5811.627     54  11731.254    11760.515    11923.114
186  Blosum62+I+G4 5809.624     55  11729.248    11759.743    11924.660
198  Blosum62+F+G4 5811.468     73  11768.936    11827.654    12028.303
199  Blosum62+F+I+G4 5809.675     74  11767.349    11828.005    12030.268
211  Dayhoff+G4    5855.353     54  11818.706    11847.967    12010.566
212  Dayhoff+I+G4  5853.482     55  11816.965    11847.460    12012.377
224  Dayhoff+F+G4  5822.454     73  11790.908    11849.625    12050.274
225  Dayhoff+F+I+G4 5820.989     74  11789.979    11850.635    12052.898
237  mtREV+G4      6134.305     54  12376.609    12405.870    12568.469
238  mtREV+I+G4    6133.726     55  12377.453    12407.948    12572.866
250  mtREV+F+G4    5891.577     73  11929.155    11987.872    12188.521
251  mtREV+F+I+G4  5891.271     74  11930.543    11991.199    12193.462
263  mtART+G4      6116.876     54  12341.752    12371.013    12533.612
264  mtART+I+G4    6115.501     55  12341.003    12371.498    12536.416
276  mtART+F+G4    5879.470     73  11904.940    11963.657    12164.306
277  mtART+F+I+G4  5879.110     74  11906.220    11966.875    12169.139
289  mtZOA+G4      5983.149     54  12074.298    12103.559    12266.157
290  mtZOA+I+G4    5981.549     55  12073.098    12103.593    12268.511
302  mtZOA+F+G4    5818.249     73  11782.498    11841.215    12041.864
303  mtZOA+F+I+G4  5817.461     74  11782.922    11843.578    12045.841
315  mtMet+G4      6108.903     54  12325.806    12355.067    12517.666
316  mtMet+I+G4    6107.395     55  12324.791    12355.286    12520.203
328  mtMet+F+G4    5876.624     73  11899.248    11957.966    12158.615
329  mtMet+F+I+G4  5875.731     74  11899.462    11960.118    12162.381
341  mtVer+G4      6184.557     54  12477.114    12506.375    12668.974
342  mtVer+I+G4    6181.559     55  12473.118    12503.613    12668.531
354  mtVer+F+G4    5972.139     73  12090.278    12148.995    12349.644
355  mtVer+F+I+G4  5970.964     74  12089.927    12150.583    12352.846
367  mtInv+G4      6120.219     54  12348.438    12377.700    12540.298
368  mtInv+I+G4    6119.457     55  12348.913    12379.408    12544.326
380  mtInv+F+G4    5822.443     73  11790.886    11849.604    12050.252
381  mtInv+F+I+G4  5821.490     74  11790.981    11851.637    12053.900
393  mtMAM+G4      6268.546     54  12645.092    12674.353    12836.952
394  mtMAM+I+G4    6263.486     55  12636.971    12667.466    12832.384
406  mtMAM+F+G4    6039.929     73  12225.859    12284.576    12485.225
407  mtMAM+F+I+G4  6037.372     74  12222.743    12283.399    12485.662
419  HIVb+G4       5960.492     54  12028.984    12058.245    12220.843
420  HIVb+I+G4     5959.109     55  12028.218    12058.713    12223.631
432  HIVb+F+G4     5950.008     73  12046.015    12104.733    12305.382
433  HIVb+F+I+G4   5948.999     74  12045.999    12106.654    12308.918
445  HIVw+G4       6245.862     54  12599.723    12628.984    12791.583
446  HIVw+I+G4     6241.735     55  12593.469    12623.964    12788.882
458  HIVw+F+G4     6135.963     73  12417.925    12476.643    12677.291
459  HIVw+F+I+G4   6132.564     74  12413.129    12473.784    12676.048
471  FLU+G4        5952.748     54  12013.497    12042.758    12205.357
472  FLU+I+G4      5950.379     55  12010.759    12041.254    12206.172
484  FLU+F+G4      5912.624     73  11971.249    12029.966    12230.615
485  FLU+F+I+G4    5911.032     74  11970.064    12030.720    12232.983
497  rtREV+G4      5810.056     54  11728.113    11757.374    11919.972
498  rtREV+I+G4    5808.178     55  11726.355    11756.850    11921.768
510  rtREV+F+G4    5758.419     73  11662.837    11721.554    11922.203
511  rtREV+F+I+G4  5757.050     74  11662.099    11722.755    11925.018
523  cpREV+G4      5814.719     54  11737.439    11766.700    11929.298
524  cpREV+I+G4    5812.892     55  11735.785    11766.280    11931.198
536  cpREV+F+G4    5812.690     73  11771.381    11830.098    12030.747
537  cpREV+F+I+G4  5811.185     74  11770.370    11831.026    12033.289
Akaike Information Criterion:           LG+I+G4
Corrected Akaike Information Criterion: LG+G4
Bayesian Information Criterion:         LG+G4
Best-fit model: LG+G4 chosen according to BIC

All model information printed to trimmed_seq.fa.model.gz
CPU time for ModelFinder: 85.540 seconds (0h:1m:25s)
Wall-clock time for ModelFinder: 25.474 seconds (0h:0m:25s)

NOTE: 4 MB RAM (0 GB) is required!
Estimate model parameters (epsilon = 0.100)
1. Initial log-likelihood: -5720.965
Optimal log-likelihood: -5720.964
Gamma shape alpha: 0.961
Parameters optimization took 1 rounds (0.021 sec)
Computing ML distances based on estimated model parameters... 0.123 sec
Computing BIONJ tree...
0.015 seconds
Log-likelihood of BIONJ tree: -5724.673
--------------------------------------------------------------------
|             INITIALIZING CANDIDATE TREE SET                      |
--------------------------------------------------------------------
Generating 98 parsimony trees... 0.158 second
Computing log-likelihood of 98 initial trees ... 0.681 seconds
Current best score: -5720.964

Do NNI search on 20 best initial trees
Estimate model parameters (epsilon = 0.100)
BETTER TREE FOUND at iteration 1: -5720.307
Estimate model parameters (epsilon = 0.100)
BETTER TREE FOUND at iteration 2: -5718.809
Iteration 10 / LogL: -5721.964 / Time: 0h:0m:2s
Iteration 20 / LogL: -5726.557 / Time: 0h:0m:4s
Finish initializing candidate tree set (17)
Current best tree score: -5718.809 / CPU time: 3.949
Number of iterations: 20
--------------------------------------------------------------------
|               OPTIMIZING CANDIDATE TREE SET                      |
--------------------------------------------------------------------
Iteration 30 / LogL: -5721.964 / Time: 0h:0m:5s (0h:0m:13s left)
UPDATE BEST LOG-LIKELIHOOD: -5718.809
UPDATE BEST LOG-LIKELIHOOD: -5718.809
Iteration 40 / LogL: -5718.809 / Time: 0h:0m:6s (0h:0m:11s left)
UPDATE BEST LOG-LIKELIHOOD: -5718.809
Iteration 50 / LogL: -5726.481 / Time: 0h:0m:8s (0h:0m:8s left)
UPDATE BEST LOG-LIKELIHOOD: -5718.809
Iteration 60 / LogL: -5720.301 / Time: 0h:0m:9s (0h:0m:7s left)
UPDATE BEST LOG-LIKELIHOOD: -5718.809
Iteration 70 / LogL: -5718.809 / Time: 0h:0m:11s (0h:0m:5s left)
Iteration 80 / LogL: -5719.484 / Time: 0h:0m:14s (0h:0m:4s left)
UPDATE BEST LOG-LIKELIHOOD: -5718.809
UPDATE BEST LOG-LIKELIHOOD: -5718.808
Iteration 90 / LogL: -5785.684 / Time: 0h:0m:21s (0h:0m:2s left)
UPDATE BEST LOG-LIKELIHOOD: -5718.808
Iteration 100 / LogL: -5718.809 / Time: 0h:0m:24s (0h:0m:0s left)
TREE SEARCH COMPLETED AFTER 103 ITERATIONS / Time: 0h:0m:24s

--------------------------------------------------------------------
|                    FINALIZING TREE SEARCH                        |
--------------------------------------------------------------------
Performs final model parameters optimization
Estimate model parameters (epsilon = 0.010)
1. Initial log-likelihood: -5718.808
Optimal log-likelihood: -5718.808
Gamma shape alpha: 0.957
Parameters optimization took 1 rounds (0.015 sec)
BEST SCORE FOUND : -5718.808
Total tree length: 11.834

Total number of iterations: 103
CPU time used for tree search: 118.163 sec (0h:1m:58s)
Wall-clock time used for tree search: 24.357 sec (0h:0m:24s)
Total CPU time used: 118.922 sec (0h:1m:58s)
Total wall-clock time used: 24.531 sec (0h:0m:24s)

Analysis results written to: 
  IQ-TREE report:                trimmed_seq.fa.iqtree
  Maximum-likelihood tree:       trimmed_seq.fa.treefile
  Likelihood distances:          trimmed_seq.fa.mldist
  Screen log file:               trimmed_seq.fa.log

Date and Time: Wed Jun  8 15:28:59 2022
