IQ-TREE multicore version 2.0.3 for Linux 64-bit built Dec 20 2020
Developed by Bui Quang Minh, Nguyen Lam Tung, Olga Chernomor,
Heiko Schmidt, Dominik Schrempf, Michael Woodhams.

Host:    e87c09c35c69 (AVX2, FMA3, 12 GB RAM)
Command: iqtree -nt AUTO -s aligned_matou.fasta -m LG+R6 -pre aligned_matou
Seed:    356461 (Using SPRNG - Scalable Parallel Random Number Generator)
Time:    Tue Jun 21 14:10:57 2022
Kernel:  AVX+FMA - auto-detect threads (6 CPU cores detected)

Reading alignment file aligned_matou.fasta ... Fasta format detected
Alignment most likely contains protein sequences
Alignment has 134 sequences with 1882 columns, 1865 distinct patterns
1684 parsimony-informative, 150 singleton sites, 48 constant sites
                                                                                                                                                                                                            Gap/Ambiguity  Composition  p-value
   1  Litorilinea_aerophila                                                                                                                                                                                        60.20%    failed      2.16%
   2  Longibacter_salinarum                                                                                                                                                                                        62.38%    failed      0.84%
   3  Aliifodinibius_halophilus                                                                                                                                                                                    61.32%    failed      0.01%
   4  Balneolaceae_bacterium_YR4-1                                                                                                                                                                                 61.53%    failed      0.00%
   5  Longimonas_halophila                                                                                                                                                                                         61.21%    failed      0.05%
   6  Rhodohalobacter_barkolensis                                                                                                                                                                                  60.47%    failed      0.00%
   7  Rubrivirga_sp._SAORIC476                                                                                                                                                                                     62.54%    failed      0.00%
   8  Caldilinea_aerophila_strain_DSM_14535_/_JCM_11387_/_NBRC_104270_/_STL-6-O1_                                                                                                                                  62.54%    failed      0.69%
   9  Rhodothermaceae_bacterium_RA                                                                                                                                                                                 59.83%    failed      0.35%
  10  Rubricoccus_marinus                                                                                                                                                                                          62.43%    failed      0.12%
  11  Salinibacter_sp._10B                                                                                                                                                                                         62.22%    failed      1.72%
  12  Aliifodinibius_roseus                                                                                                                                                                                        57.55%    failed      0.12%
  13  Rhodohalobacter_mucosus                                                                                                                                                                                      59.99%    failed      0.00%
  14  Balneola_sp._EhC07                                                                                                                                                                                           60.36%    failed      0.00%
  15  Rhodohalobacter_sp._SW132                                                                                                                                                                                    61.11%    failed      0.00%
  16  bacterium_HR18                                                                                                                                                                                               61.26%    failed      0.00%
  17  Gracilimonas_mengyeensis                                                                                                                                                                                     60.36%    failed      0.00%
  18  Dictyostelium_purpureum                                                                                                                                                                                      49.42%    failed      0.00%
  19  Tieghemostelium_lacteum                                                                                                                                                                                      44.16%    failed      0.00%
  20  Candidatus_Cyclonatronum_proteinivorum                                                                                                                                                                       59.99%    failed      0.16%
  21  Cavenderia_fasciculata_strain_SH3_                                                                                                                                                                           36.66%    failed      0.00%
  22  Dictyostelium_discoideum                                                                                                                                                                                     44.05%    failed      0.00%
  23  Polysphondylium_pallidum_strain_ATCC_26659_/_Pp_5_/_PN500_                                                                                                                                                   36.08%    failed      0.00%
  24  Balneola_sp.                                                                                                                                                                                                 60.20%    failed      0.00%
  25  Suttonella_ornithocola                                                                                                                                                                                       62.49%    failed      0.01%
  26  bacterium_SCGC_AG-212-C10                                                                                                                                                                                    63.71%    failed      2.72%
  27  Dehalococcoidia_bacterium                                                                                                                                                                                    61.85%    failed      2.56%
  28  Chloroflexi_bacterium_strain_G233_                                                                                                                                                                           62.75%    failed      0.03%
  29  Ostreococcus_lucimarinus_strain_CCE9901_                                                                                                                                                                     56.80%    failed      0.84%
  30  Ostreococcus_tauri                                                                                                                                                                                           52.02%    failed      1.73%
  31  Dichelobacter_nodosus_strain_VCS1703A_                                                                                                                                                                       61.64%    failed      0.00%
  32  Suttonella_indologenes                                                                                                                                                                                       62.22%    failed      0.00%
  33  Physcomitrium_patens                                                                                                                                                                                         64.82%    failed      0.19%
  34  Bathycoccus_prasinos                                                                                                                                                                                         46.76%    failed      0.02%
  35  Chloropicon_primus                                                                                                                                                                                           51.91%    failed      1.49%
  36  Cyanidioschyzon_merolae_strain_10D_                                                                                                                                                                          30.82%    failed      1.34%
  37  Galdieria_sulphuraria                                                                                                                                                                                        45.80%    failed      0.22%
  38  Cyanidiococcus_yangmingshanensis                                                                                                                                                                             48.03%    passed     15.09%
  39  Porphyridium_purpureum                                                                                                                                                                                       46.92%    failed      0.19%
  40  Porphyra_umbilicalis                                                                                                                                                                                         62.86%    failed      0.00%
  41  Gracilariopsis_chorda                                                                                                                                                                                        39.37%    failed      4.46%
  42  Chondrus_crispus                                                                                                                                                                                             44.00%    passed     17.42%
  43  Thecamonas_trahens_ATCC_50062                                                                                                                                                                                45.48%    failed      0.00%
  44  MATOU-v1_48235881_3_85023_PF00293_PF00300_PF00486_PF01433_PF01571_PF02503_PF08768_PF13089_PF13090                                                                                                            36.56%    failed      0.00%
  45  MATOU-v1_48235882_3_85023_PF00293_PF00300_PF00486_PF01433_PF01571_PF02503_PF08768_PF13089_PF13090                                                                                                            36.56%    failed      0.00%
  46  MATOU-v1_66922909_5_1129_PF00140_PF00793_PF02503_PF04539_PF04542_PF04545_PF13089_PF13090_PF13091                                                                                                             50.85%    failed      0.12%
  47  MATOU-v1_31178020_5_1129_PF00583_PF00591_PF01077_PF01226_PF02503_PF02560_PF02885_PF03460_PF07690_PF13089_PF13090_PF13347_PF13673                                                                             45.16%    failed      1.80%
  48  MATOU-v1_66904442_2_1129_PF00140_PF00330_PF00654_PF00793_PF02503_PF04539_PF04542_PF04545_PF06434_PF07690_PF11791_PF13089_PF13090_PF13347                                                                     40.49%    failed      0.66%
  49  MATOU-v1_66904231_5_1129_PF00012_PF00083_PF00117_PF00140_PF00330_PF00384_PF00534_PF00551_PF00590_PF00591_PF00654_PF00764_PF00793_PF00862_PF00953_PF00994_PF01077_PF01226_PF01250_PF01266_PF01547_PF01568_    18.23%    failed      0.14%
  50  MATOU-v1_66904235_5_1129_PF00012_PF00083_PF00117_PF00140_PF00330_PF00384_PF00534_PF00551_PF00590_PF00591_PF00654_PF00764_PF00793_PF00862_PF00953_PF00994_PF01077_PF01226_PF01250_PF01266_PF01547_PF01568_    18.23%    failed      0.14%
  51  MATOU-v1_66904484_6_1129_PF00140_PF00330_PF00591_PF00654_PF00793_PF01226_PF02503_PF02560_PF02885_PF03209_PF04055_PF04539_PF04542_PF04545_PF04932_PF06434_PF07690_PF11791_PF13089_PF13090_PF13347_PF13425_P   29.76%    failed      0.08%
  52  MATOU-v1_66904485_6_1129_PF00140_PF00330_PF00591_PF00654_PF00793_PF01226_PF02503_PF02560_PF02885_PF03209_PF04055_PF04539_PF04542_PF04545_PF04932_PF06434_PF07690_PF11791_PF13089_PF13090_PF13347_PF13425_P   29.76%    failed      0.08%
  53  MATOU-v1_25959144_1_1129_PF00083_PF00140_PF00591_PF01077_PF01226_PF02503_PF02560_PF02885_PF03209_PF03460_PF04539_PF04542_PF04545_PF07690_PF13089_PF13090_PF13347_PF13673                                     37.30%    failed      0.06%
  54  MATOU-v1_48230029_4_2_PF00117_PF00278_PF00669_PF00700_PF00892_PF00977_PF01037_PF01170_PF01315_PF01503_PF01522_PF01594_PF02503_PF02541_PF02738_PF02784_PF03840_PF04263_PF06418_PF07087_PF07722_PF13089_PF13   36.29%    failed      0.00%
  55  MATOU-v1_58840832_6_135620_PF00006_PF00085_PF00490_PF01295_PF01564_PF02503_PF05899_PF07497_PF07498_PF12633_PF13089_PF13090                                                                                   29.33%    failed      1.20%
  56  MATOU-v1_66908219_3_135621_PF00005_PF00006_PF00015_PF00072_PF00085_PF00111_PF00117_PF00120_PF00175_PF00202_PF00206_PF00440_PF00462_PF00475_PF00490_PF00497_PF00528_PF00581_PF00595_PF00633_PF00730_PF0079    25.19%    failed      0.00%
  57  MATOU-v1_54324592_1_156132_PF02503_PF13089_PF13090                                                                                                                                                           65.73%    passed     11.05%
  58  MATOU-v1_88106186_4_70447_PF02503_PF13089_PF13090                                                                                                                                                            56.64%    passed      8.22%
  59  MATOU-v1_5323577_2_41880_PF02503_PF13089_PF13090                                                                                                                                                             58.61%    passed     30.83%
  60  MATOU-v1_57156154_1_114040_PF02503_PF13089_PF13090                                                                                                                                                           60.89%    passed     18.67%
  61  MATOU-v1_31197377_4_1129_PF02503_PF13089_PF13090_PF13091                                                                                                                                                     67.06%    failed      1.39%
  62  MATOU-v1_49987761_2_70447_PF02503_PF13089_PF13090                                                                                                                                                            57.76%    passed     14.15%
  63  MATOU-v1_51628715_5_114040_PF02503_PF13089_PF13090                                                                                                                                                           53.99%    failed      4.82%
  64  MATOU-v1_54301798_5_464262_PF00136_PF02503_PF03104_PF08996_PF13089_PF13090                                                                                                                                   48.25%    failed      0.03%
  65  MATOU-v1_75810419_3_464262_PF00136_PF02503_PF08996_PF13089_PF13090                                                                                                                                           53.51%    passed     19.56%
  66  MATOU-v1_25965268_6_464262_PF00136_PF00583_PF02503_PF03104_PF03981_PF08996_PF12254_PF13089_PF13090_PF13302_PF13523                                                                                           50.11%    passed     12.87%
  67  MATOU-v1_75810423_3_464262_PF00136_PF00183_PF02503_PF08996_PF13089_PF13090                                                                                                                                   53.56%    passed     28.06%
  68  MATOU-v1_75497789_4_464262_PF00136_PF02503_PF03104_PF08996_PF12254_PF13089_PF13090                                                                                                                           49.26%    passed     16.07%
  69  MATOU-v1_9192075_1_464262_PF02503_PF13089_PF13090                                                                                                                                                            62.49%    passed     41.50%
  70  MATOU-v1_82311643_3_464262_PF02503_PF13089_PF13090                                                                                                                                                           63.71%    passed     17.96%
  71  MATOU-v1_14075526_2_1073573_PF02503_PF10263_PF13089_PF13090                                                                                                                                                  57.17%    failed      4.08%
  72  MATOU-v1_8969580_3_464262_PF02503_PF13089_PF13090                                                                                                                                                            64.45%    passed     42.46%
  73  MATOU-v1_24803117_2_464262_PF02503_PF13090                                                                                                                                                                   63.92%    passed     14.75%
  74  MATOU-v1_45654085_3_1525212_PF02503_PF13090                                                                                                                                                                  62.59%    failed      0.03%
  75  MATOU-v1_102681618_3_464262_PF02503_PF13089_PF13090                                                                                                                                                          64.08%    failed      0.09%
  76  MATOU-v1_66965753_3_1009418_PF02503_PF13090                                                                                                                                                                  64.40%    failed      1.10%
  77  MATOU-v1_14075177_6_33807_PF02503_PF02541_PF13090                                                                                                                                                            67.32%    failed      0.00%
  78  MATOU-v1_34809139_1_41879_PF02503_PF13089_PF13090                                                                                                                                                            66.52%    failed      0.00%
  79  MATOU-v1_25954234_2_1525212_PF00173_PF00487_PF02503_PF13090                                                                                                                                                  66.90%    failed      0.12%
  80  MATOU-v1_95473921_1_70447_PF00657_PF13090                                                                                                                                                                    70.94%    passed     23.40%
  81  MATOU-v1_62597451_6_548131_PF02503_PF13089_PF13090                                                                                                                                                           57.23%    failed      0.40%
  82  MATOU-v1_48262595_4_265_PF02503_PF02541_PF13090                                                                                                                                                              66.21%    failed      0.00%
  83  MATOU-v1_69762776_6_135620_PF02541_PF13090                                                                                                                                                                   74.28%    passed      8.17%
  84  MATOU-v1_14187041_6_1129_PF02503_PF07690_PF13089_PF13090_PF13347                                                                                                                                             67.16%    failed      0.03%
  85  MATOU-v1_55816921_2_464262_PF02503_PF13089_PF13090                                                                                                                                                           63.12%    failed      0.00%
  86  MATOU-v1_24935856_4_464262_PF02503_PF13089_PF13090                                                                                                                                                           65.57%    failed      0.00%
  87  MATOU-v1_32535209_1_41879_PF02503_PF13089_PF13090                                                                                                                                                            66.05%    failed      0.00%
  88  MATOU-v1_16655543_3_59753_PF00593_PF02503_PF07715_PF13089_PF13090                                                                                                                                            62.11%    failed      0.00%
  89  MATOU-v1_32183563_2_41879_PF02503_PF13089_PF13090                                                                                                                                                            66.37%    failed      0.00%
  90  MATOU-v1_31187831_4_316278_PF00140_PF04539_PF04542_PF04545_PF13090                                                                                                                                           74.55%    passed     11.74%
  91  MATOU-v1_66939612_3_1129_PF00083_PF02503_PF03209_PF07690_PF13089_PF13090_PF13347                                                                                                                             70.78%    failed      0.06%
  92  MATOU-v1_26121193_2_85023_PF00293_PF00300_PF02503_PF12849_PF13090                                                                                                                                            78.06%    passed      6.82%
  93  MATOU-v1_14117325_2_976_PF02503_PF03852_PF07308_PF13090                                                                                                                                                      71.47%    failed      0.00%
  94  MATOU-v1_14117326_2_976_PF02503_PF07308_PF13090                                                                                                                                                              74.87%    failed      0.00%
  95  MATOU-v1_14063989_1_1_PF00308_PF01594_PF02503_PF13089_PF13090                                                                                                                                                65.14%    failed      0.00%
  96  MATOU-v1_14063988_2_33836_PF00308_PF01594_PF02503_PF13089_PF13090                                                                                                                                            66.52%    failed      0.00%
  97  MATOU-v1_66903683_1_1129_PF00140_PF00330_PF00793_PF04539_PF04542_PF04545_PF06434_PF11791_PF13090                                                                                                             70.99%    failed      2.29%
  98  MATOU-v1_48243200_3_1041_PF00126_PF02503_PF03466_PF13089_PF13090                                                                                                                                             68.44%    failed      0.00%
  99  MATOU-v1_48239553_6_255475_PF01594_PF02503_PF13089                                                                                                                                                           66.90%    failed      0.00%
 100  MATOU-v1_32183563_3_41879_PF02503_PF13089_PF13090                                                                                                                                                            83.69%    failed      0.00%
 101  MATOU-v1_14063988_1_33836_PF00308_PF01594_PF02503_PF13089_PF13090                                                                                                                                            63.55%    failed      0.00%
 102  MATOU-v1_14063989_3_1_PF00308_PF01594_PF02503_PF13089_PF13090                                                                                                                                                68.38%    failed      0.00%
 103  MATOU-v1_11620868_5_1525212_PF02503_PF13089_PF13090                                                                                                                                                          67.27%    failed      0.26%
 104  MATOU-v1_83295650_1_31957_PF00293_PF00300_PF13090                                                                                                                                                            75.88%    failed      0.35%
 105  MATOU-v1_11620868_6_1525212_PF02503_PF13089_PF13090                                                                                                                                                          72.21%    failed      0.01%
 106  MATOU-v1_24935856_6_464262_PF02503_PF13089_PF13090                                                                                                                                                           67.06%    failed      0.00%
 107  MATOU-v1_32535209_2_41879_PF02503_PF13089_PF13090                                                                                                                                                            84.17%    failed      0.00%
 108  MATOU-v1_62597451_4_548131_PF02503_PF13089_PF13090                                                                                                                                                           61.53%    failed      0.00%
 109  MATOU-v1_55816921_3_464262_PF02503_PF13089_PF13090                                                                                                                                                           63.60%    failed      0.00%
 110  MATOU-v1_14044621_6_1217_PF00083_PF00590_PF02503_PF07690_PF13089                                                                                                                                             72.58%    failed      0.00%
 111  MATOU-v1_26121193_1_85023_PF00293_PF00300_PF02503_PF12849_PF13090                                                                                                                                            81.72%    failed      0.00%
 112  MATOU-v1_14056172_6_28211_PF02541_PF13090                                                                                                                                                                    81.30%    failed      0.00%
 113  MATOU-v1_14110556_2_200644_PF01757_PF02541_PF06277_PF13090_PF13091                                                                                                                                           69.93%    failed      0.00%
 114  MATOU-v1_12438067_1_90964_PF02503_PF02541_PF13089                                                                                                                                                            75.77%    failed      0.00%
 115  MATOU-v1_31195222_3_1129_PF00083_PF00271_PF00383_PF00994_PF01306_PF01925_PF01967_PF02391_PF02503_PF02597_PF03209_PF03453_PF03454_PF04408_PF06463_PF07690_PF08482_PF13089_PF13347                             49.36%    failed      0.00%
 116  MATOU-v1_26163927_1_1763_PF01210_PF01983_PF02503_PF02558_PF03807_PF07479_PF13089                                                                                                                             92.77%    failed      0.00%
 117  MATOU-v1_83295650_2_31957_PF00293_PF00300_PF13090                                                                                                                                                            78.91%    failed      0.00%
 118  MATOU-v1_48232135_2_31989_PF00005_PF00117_PF00587_PF01094_PF01594_PF02503_PF02540_PF02653_PF03129_PF11157_PF12399_PF13089_PF13458                                                                            39.05%    failed      0.00%
 119  MATOU-v1_14187041_5_1129_PF02503_PF07690_PF13089_PF13090_PF13347                                                                                                                                             70.94%    failed      0.00%
 120  MATOU-v1_14097674_6_200644_PF02503_PF04443_PF13089                                                                                                                                                           74.87%    failed      0.00%
 121  MATOU-v1_48241278_3_204455_PF01594_PF02503_PF13089                                                                                                                                                           68.17%    failed      0.00%
 122  MATOU-v1_95729000_2_1_PF00486_PF13089                                                                                                                                                                        80.45%    failed      0.00%
 123  MATOU-v1_16649846_6_1236_PF00006_PF00085_PF00593_PF01966_PF02541_PF07497_PF07498_PF13090                                                                                                                     62.43%    failed      0.00%
 124  MATOU-v1_14117326_3_976_PF02503_PF07308_PF13090                                                                                                                                                              79.86%    failed      0.00%
 125  MATOU-v1_14117325_3_976_PF02503_PF03852_PF07308_PF13090                                                                                                                                                      76.41%    failed      0.00%
 126  MATOU-v1_48232380_2_1763_PF01210_PF01983_PF02558_PF03807_PF07479_PF12804_PF13089                                                                                                                             95.38%    failed      0.00%
 127  MATOU-v1_22099891_5_263511_PF00160_PF02392_PF02503_PF13089                                                                                                                                                   77.68%    failed      1.23%
 128  MATOU-v1_34809139_2_41879_PF02503_PF13089_PF13090                                                                                                                                                            86.88%    failed      0.00%
 129  MATOU-v1_48262595_5_265_PF02503_PF02541_PF13090                                                                                                                                                              65.46%    failed      0.00%
 130  MATOU-v1_16649846_5_1236_PF00006_PF00085_PF00593_PF01966_PF02541_PF07497_PF07498_PF13090                                                                                                                     59.09%    failed      0.00%
 131  MATOU-v1_48241635_1_2_PF00127_PF13090                                                                                                                                                                        73.27%    failed      0.00%
 132  MATOU-v1_31187831_5_316278_PF00140_PF04539_PF04542_PF04545_PF13090                                                                                                                                           79.70%    failed      0.00%
 133  MATOU-v1_11620868_4_1525212_PF02503_PF13089_PF13090                                                                                                                                                          74.92%    failed      0.00%
 134  MATOU-v1_102681618_1_464262_PF02503_PF13089_PF13090                                                                                                                                                          71.15%    failed      0.00%
WARNING: 105 sequences contain more than 50% gaps/ambiguity
****  TOTAL                                                                                                                                                                                                        60.47%  115 sequences failed composition chi2 test (p-value<5%; df=19)
NOTE: MATOU-v1_66904235_5_1129_PF00012_PF00083_PF00117_PF00140_PF00330_PF00384_PF00534_PF00551_PF00590_PF00591_PF00654_PF00764_PF00793_PF00862_PF00953_PF00994_PF01077_PF01226_PF01250_PF01266_PF01547_PF01568_ is identical to MATOU-v1_66904231_5_1129_PF00012_PF00083_PF00117_PF00140_PF00330_PF00384_PF00534_PF00551_PF00590_PF00591_PF00654_PF00764_PF00793_PF00862_PF00953_PF00994_PF01077_PF01226_PF01250_PF01266_PF01547_PF01568_ but kept for subsequent analysis
NOTE: MATOU-v1_66904485_6_1129_PF00140_PF00330_PF00591_PF00654_PF00793_PF01226_PF02503_PF02560_PF02885_PF03209_PF04055_PF04539_PF04542_PF04545_PF04932_PF06434_PF07690_PF11791_PF13089_PF13090_PF13347_PF13425_P is identical to MATOU-v1_66904484_6_1129_PF00140_PF00330_PF00591_PF00654_PF00793_PF01226_PF02503_PF02560_PF02885_PF03209_PF04055_PF04539_PF04542_PF04545_PF04932_PF06434_PF07690_PF11791_PF13089_PF13090_PF13347_PF13425_P but kept for subsequent analysis
Creating fast initial parsimony tree by random order stepwise addition...
0.417 seconds, parsimony score: 30876 (based on 1834 sites)

NOTE: 234 MB RAM (0 GB) is required!
Measuring multi-threading efficiency up to 6 CPU cores
6 trees examined
Threads: 1 / Time: 6.350 sec / Speedup: 1.000 / Efficiency: 100% / LogL: -200077
Threads: 2 / Time: 3.446 sec / Speedup: 1.843 / Efficiency: 92% / LogL: -200077
Threads: 3 / Time: 2.445 sec / Speedup: 2.597 / Efficiency: 87% / LogL: -200077
Threads: 4 / Time: 2.318 sec / Speedup: 2.740 / Efficiency: 68% / LogL: -200077
Threads: 5 / Time: 1.803 sec / Speedup: 3.522 / Efficiency: 70% / LogL: -200077
Threads: 6 / Time: 1.788 sec / Speedup: 3.551 / Efficiency: 59% / LogL: -200077
BEST NUMBER OF THREADS: 5

Estimate model parameters (epsilon = 0.100)
1. Initial log-likelihood: -153414.907
2. Current log-likelihood: -143574.077
3. Current log-likelihood: -143390.998
4. Current log-likelihood: -143386.583
5. Current log-likelihood: -143381.895
6. Current log-likelihood: -143377.066
7. Current log-likelihood: -143370.223
8. Current log-likelihood: -143359.654
9. Current log-likelihood: -143347.423
10. Current log-likelihood: -143339.592
11. Current log-likelihood: -143334.102
12. Current log-likelihood: -143331.973
13. Current log-likelihood: -143331.514
14. Current log-likelihood: -143331.322
15. Current log-likelihood: -143331.210
Optimal log-likelihood: -143331.130
Site proportion and rates:  (0.050,0.105) (0.140,0.223) (0.157,0.407) (0.195,0.661) (0.356,1.217) (0.102,3.311)
Parameters optimization took 15 rounds (49.621 sec)
Computing ML distances based on estimated model parameters... 2.651 sec
WARNING: Some pairwise ML distances are too long (saturated)
Computing BIONJ tree...
0.029 seconds
Log-likelihood of BIONJ tree: -143824.188
--------------------------------------------------------------------
|             INITIALIZING CANDIDATE TREE SET                      |
--------------------------------------------------------------------
Generating 98 parsimony trees... 3.910 second
Computing log-likelihood of 98 initial trees ... 36.288 seconds
Current best score: -143331.130

Do NNI search on 20 best initial trees
Estimate model parameters (epsilon = 0.100)
BETTER TREE FOUND at iteration 1: -142905.613
Estimate model parameters (epsilon = 0.100)
BETTER TREE FOUND at iteration 3: -142863.382
Estimate model parameters (epsilon = 0.100)
BETTER TREE FOUND at iteration 4: -142852.067
Estimate model parameters (epsilon = 0.100)
BETTER TREE FOUND at iteration 5: -142785.217
Estimate model parameters (epsilon = 0.100)
BETTER TREE FOUND at iteration 10: -142775.730
Iteration 10 / LogL: -142775.730 / Time: 0h:5m:15s
Iteration 20 / LogL: -142931.860 / Time: 0h:7m:33s
Finish initializing candidate tree set (20)
Current best tree score: -142775.730 / CPU time: 371.859
Number of iterations: 20
--------------------------------------------------------------------
|               OPTIMIZING CANDIDATE TREE SET                      |
--------------------------------------------------------------------
Estimate model parameters (epsilon = 0.100)
BETTER TREE FOUND at iteration 26: -142772.715
Estimate model parameters (epsilon = 0.100)
BETTER TREE FOUND at iteration 29: -142771.779
Estimate model parameters (epsilon = 0.100)
BETTER TREE FOUND at iteration 30: -142767.358
Iteration 30 / LogL: -142767.358 / Time: 0h:9m:17s (0h:31m:59s left)
Estimate model parameters (epsilon = 0.100)
BETTER TREE FOUND at iteration 36: -142764.693
Iteration 40 / LogL: -142792.172 / Time: 0h:10m:36s (0h:26m:4s left)
Estimate model parameters (epsilon = 0.100)
BETTER TREE FOUND at iteration 50: -142764.005
Iteration 50 / LogL: -142764.005 / Time: 0h:12m:4s (0h:24m:37s left)
Estimate model parameters (epsilon = 0.100)
BETTER TREE FOUND at iteration 51: -142763.506
Iteration 60 / LogL: -142776.299 / Time: 0h:13m:38s (0h:21m:1s left)
Iteration 70 / LogL: -142767.337 / Time: 0h:14m:48s (0h:17m:22s left)
BETTER TREE FOUND at iteration 78: -142763.501
Iteration 80 / LogL: -142763.928 / Time: 0h:16m:6s (0h:19m:58s left)
Iteration 90 / LogL: -142771.103 / Time: 0h:17m:16s (0h:17m:4s left)
Estimate model parameters (epsilon = 0.100)
BETTER TREE FOUND at iteration 93: -142759.748
Estimate model parameters (epsilon = 0.100)
BETTER TREE FOUND at iteration 95: -142759.051
Iteration 100 / LogL: -142794.299 / Time: 0h:18m:37s (0h:17m:51s left)
Iteration 110 / LogL: -142759.682 / Time: 0h:19m:52s (0h:15m:29s left)
Iteration 120 / LogL: -142810.908 / Time: 0h:21m:10s (0h:13m:20s left)
Iteration 130 / LogL: -142765.847 / Time: 0h:22m:33s (0h:11m:21s left)
Iteration 140 / LogL: -142762.150 / Time: 0h:23m:56s (0h:9m:28s left)
Iteration 150 / LogL: -142761.123 / Time: 0h:25m:10s (0h:7m:35s left)
Iteration 160 / LogL: -142788.857 / Time: 0h:26m:39s (0h:5m:51s left)
Iteration 170 / LogL: -142764.448 / Time: 0h:28m:32s (0h:4m:13s left)
Iteration 180 / LogL: -142788.432 / Time: 0h:30m:31s (0h:2m:33s left)
Iteration 190 / LogL: -142795.926 / Time: 0h:31m:53s (0h:0m:50s left)
TREE SEARCH COMPLETED AFTER 196 ITERATIONS / Time: 0h:32m:36s

--------------------------------------------------------------------
|                    FINALIZING TREE SEARCH                        |
--------------------------------------------------------------------
Performs final model parameters optimization
Estimate model parameters (epsilon = 0.010)
1. Initial log-likelihood: -142759.051
2. Current log-likelihood: -142759.036
3. Current log-likelihood: -142759.025
4. Current log-likelihood: -142759.010
5. Current log-likelihood: -142759.000
Optimal log-likelihood: -142758.986
Site proportion and rates:  (0.057,0.107) (0.150,0.227) (0.200,0.438) (0.181,0.746) (0.341,1.234) (0.071,4.450)
Parameters optimization took 5 rounds (10.372 sec)
BEST SCORE FOUND : -142758.986
Total tree length: 160.145

Total number of iterations: 196
CPU time used for tree search: 9283.263 sec (2h:34m:43s)
Wall-clock time used for tree search: 1874.625 sec (0h:31m:14s)
Total CPU time used: 9701.109 sec (2h:41m:41s)
Total wall-clock time used: 1966.878 sec (0h:32m:46s)

Analysis results written to: 
  IQ-TREE report:                aligned_matou.iqtree
  Maximum-likelihood tree:       aligned_matou.treefile
  Likelihood distances:          aligned_matou.mldist
  Screen log file:               aligned_matou.log

Date and Time: Tue Jun 21 14:43:44 2022
