IQ-TREE multicore version 2.0.3 for Linux 64-bit built Dec 20 2020
Developed by Bui Quang Minh, Nguyen Lam Tung, Olga Chernomor,
Heiko Schmidt, Dominik Schrempf, Michael Woodhams.

Host:    6b7ed7a5d768 (AVX2, FMA3, 12 GB RAM)
Command: iqtree -nt AUTO -s trimmed_seq.fa
Seed:    928087 (Using SPRNG - Scalable Parallel Random Number Generator)
Time:    Wed Jun  8 15:30:43 2022
Kernel:  AVX+FMA - auto-detect threads (6 CPU cores detected)

Reading alignment file trimmed_seq.fa ... Clustal format detected
Alignment most likely contains protein sequences
Alignment has 28 sequences with 264 columns, 241 distinct patterns
140 parsimony-informative, 60 singleton sites, 64 constant sites
WARNING: Some sequence names are changed as follows:
Batrachochytrium_dendrobatidis_(strain_JAM81_/_FGSC_10211) -> Batrachochytrium_dendrobatidis__strain_JAM81_/_FGSC_10211_
Cavenderia_fasciculata_(strain_SH3) -> Cavenderia_fasciculata__strain_SH3_
Ostreococcus_lucimarinus_(strain_CCE9901) -> Ostreococcus_lucimarinus__strain_CCE9901_
Polysphondylium_pallidum_(strain_ATCC_26659_/_Pp_5_/_PN500) -> Polysphondylium_pallidum__strain_ATCC_26659_/_Pp_5_/_PN500_
Cyanidioschyzon_merolae_(strain_10D) -> Cyanidioschyzon_merolae__strain_10D_
Capsaspora_owczarzaki_(strain_ATCC_30864) -> Capsaspora_owczarzaki__strain_ATCC_30864_

                                                             Gap/Ambiguity  Composition  p-value
   1  Beauveria_bassiana_D1-5                                       10.98%    passed     58.86%
   2  Batrachochytrium_dendrobatidis__strain_JAM81_/_FGSC_10211_    34.47%    passed     88.11%
   3  Physcomitrium_patens                                          35.23%    passed     85.34%
   4  Abscondita_terminalis                                         34.09%    passed     72.49%
   5  Cavenderia_fasciculata__strain_SH3_                           35.23%    passed     97.34%
   6  Ziziphus_jujuba                                               34.09%    passed     58.78%
   7  Dictyostelium_discoideum                                      35.23%    passed     90.26%
   8  Tieghemostelium_lacteum                                       35.23%    passed     98.40%
   9  Ostreococcus_tauri                                            35.23%    passed     88.14%
  10  Dictyostelium_purpureum                                       35.23%    passed     89.43%
  11  Ostreococcus_lucimarinus__strain_CCE9901_                     35.23%    passed     99.59%
  12  Polysphondylium_pallidum__strain_ATCC_26659_/_Pp_5_/_PN500_   35.23%    passed    100.00%
  13  Ephemera_danica                                               34.47%    passed     95.81%
  14  Chloropicon_primus                                            35.23%    passed     80.80%
  15  Drosophila_rhopaloa                                           32.95%    passed     78.14%
  16  Bathycoccus_prasinos                                          32.20%    passed     99.86%
  17  Capitella_teleta                                              48.86%    passed     88.16%
  18  Porphyridium_purpureum                                        34.85%    passed     99.28%
  19  Galdieria_sulphuraria                                         11.36%    passed     84.37%
  20  Thecamonas_trahens_ATCC_50062                                 34.85%    passed     24.23%
  21  Porphyra_umbilicalis                                          36.74%    passed     44.12%
  22  Cyanidiococcus_yangmingshanensis                              34.85%    passed     86.82%
  23  Chondrus_crispus                                              35.98%    passed     93.75%
  24  Cyanidioschyzon_merolae__strain_10D_                          34.85%    passed     93.90%
  25  Gracilariopsis_chorda                                         35.61%    passed     97.73%
  26  Acyrthosiphon_pisum                                           54.17%    passed     51.43%
  27  Capsaspora_owczarzaki__strain_ATCC_30864_                     31.06%    passed     44.25%
  28  Elysia_chlorotica                                             69.32%    failed      0.00%
WARNING: 2 sequences contain more than 50% gaps/ambiguity
****  TOTAL                                                         35.46%  1 sequences failed composition chi2 test (p-value<5%; df=19)

Creating fast initial parsimony tree by random order stepwise addition...
0.054 seconds, parsimony score: 1349 (based on 200 sites)
Measuring multi-threading efficiency up to 6 CPU cores
Increase to 10 rounds for branch lengths
42 trees examined
Threads: 1 / Time: 6.013 sec / Speedup: 1.000 / Efficiency: 100% / LogL: -8095
Threads: 2 / Time: 3.588 sec / Speedup: 1.676 / Efficiency: 84% / LogL: -8095
Threads: 3 / Time: 2.902 sec / Speedup: 2.072 / Efficiency: 69% / LogL: -8095
Threads: 4 / Time: 2.706 sec / Speedup: 2.222 / Efficiency: 56% / LogL: -8095
Threads: 5 / Time: 2.548 sec / Speedup: 2.360 / Efficiency: 47% / LogL: -8095
BEST NUMBER OF THREADS: 4

Perform fast likelihood tree search using LG+I+G model...
Estimate model parameters (epsilon = 5.000)
Perform nearest neighbor interchange...
Estimate model parameters (epsilon = 1.000)
1. Initial log-likelihood: -6783.321
Optimal log-likelihood: -6782.997
Proportion of invariable sites: 0.047
Gamma shape alpha: 0.995
Parameters optimization took 1 rounds (0.034 sec)
Time for fast ML tree search: 0.340 seconds

NOTE: ModelFinder requires 11 MB RAM!
ModelFinder will test up to 546 protein models (sample size: 264) ...
 No. Model         -LnL         df  AIC          AICc         BIC
  1  LG            7118.696     53  14343.391    14370.648    14532.917
  2  LG+I          7030.579     54  14169.158    14197.579    14362.259
  3  LG+G4         6783.414     54  13674.828    13703.249    13867.930
  4  LG+I+G4       6782.800     55  13675.600    13705.215    13872.277
  5  LG+R2         6837.843     55  13785.685    13815.301    13982.363
  6  LG+R3         6789.001     57  13692.002    13724.099    13895.831
  7  LG+R4         6780.630     59  13679.260    13713.966    13890.241
  8  LG+R5         6780.716     61  13683.431    13720.877    13901.564
 16  LG+F+G4       6787.252     73  13720.504    13777.367    13981.548
 17  LG+F+I+G4     6786.976     74  13721.952    13780.682    13986.572
 29  WAG+G4        6826.870     54  13761.740    13790.161    13954.841
 30  WAG+I+G4      6823.772     55  13757.544    13787.160    13954.221
 42  WAG+F+G4      6806.886     73  13759.772    13816.635    14020.816
 43  WAG+F+I+G4    6804.992     74  13757.984    13816.715    14022.605
 55  JTT+G4        6874.709     54  13857.418    13885.839    14050.520
 56  JTT+I+G4      6872.918     55  13855.836    13885.452    14052.513
 68  JTT+F+G4      6868.794     73  13883.588    13940.451    14144.632
 69  JTT+F+I+G4    6867.610     74  13883.219    13941.950    14147.840
 81  JTTDCMut+G4   6874.575     54  13857.150    13885.572    14050.252
 82  JTTDCMut+I+G4 6872.756     55  13855.513    13885.128    14052.190
 94  JTTDCMut+F+G4 6867.782     73  13881.563    13938.427    14142.608
 95  JTTDCMut+F+I+G4 6866.589     74  13881.178    13939.908    14145.798
107  DCMut+G4      6941.520     54  13991.039    14019.460    14184.140
108  DCMut+I+G4    6937.827     55  13985.653    14015.268    14182.330
120  DCMut+F+G4    6905.278     73  13956.557    14013.420    14217.601
121  DCMut+F+I+G4  6902.808     74  13953.616    14012.346    14218.236
133  VT+G4         6817.549     54  13743.098    13771.519    13936.199
134  VT+I+G4       6815.194     55  13740.388    13770.004    13937.065
146  VT+F+G4       6809.675     73  13765.349    13822.212    14026.393
147  VT+F+I+G4     6807.789     74  13763.578    13822.308    14028.198
159  PMB+G4        6833.804     54  13775.608    13804.029    13968.709
160  PMB+I+G4      6832.649     55  13775.299    13804.914    13971.976
172  PMB+F+G4      6835.628     73  13817.256    13874.119    14078.301
173  PMB+F+I+G4    6834.722     74  13817.445    13876.175    14082.065
185  Blosum62+G4   6817.963     54  13743.926    13772.347    13937.027
186  Blosum62+I+G4 6816.102     55  13742.204    13771.820    13938.882
198  Blosum62+F+G4 6819.331     73  13784.661    13841.524    14045.705
199  Blosum62+F+I+G4 6817.588     74  13783.175    13841.905    14047.795
211  Dayhoff+G4    6941.368     54  13990.736    14019.157    14183.837
212  Dayhoff+I+G4  6937.662     55  13985.325    14014.940    14182.002
224  Dayhoff+F+G4  6905.190     73  13956.381    14013.244    14217.425
225  Dayhoff+F+I+G4 6902.715     74  13953.430    14012.161    14218.051
237  mtREV+G4      7210.979     54  14529.957    14558.378    14723.059
238  mtREV+I+G4    7210.798     55  14531.596    14561.211    14728.273
250  mtREV+F+G4    6918.504     73  13983.008    14039.872    14244.053
251  mtREV+F+I+G4  6918.600     74  13985.200    14043.930    14249.821
263  mtART+G4      7280.076     54  14668.153    14696.574    14861.254
264  mtART+I+G4    7279.750     55  14669.500    14699.115    14866.177
276  mtART+F+G4    6961.802     73  14069.605    14126.468    14330.649
277  mtART+F+I+G4  6962.011     74  14072.022    14130.752    14336.642
289  mtZOA+G4      7111.142     54  14330.285    14358.706    14523.386
290  mtZOA+I+G4    7112.506     55  14335.012    14364.628    14531.689
302  mtZOA+F+G4    6899.436     73  13944.871    14001.734    14205.916
303  mtZOA+F+I+G4  6899.746     74  13947.492    14006.222    14212.112
315  mtMet+G4      7239.188     54  14586.375    14614.796    14779.477
316  mtMet+I+G4    7240.845     55  14591.691    14621.306    14788.368
328  mtMet+F+G4    6933.002     73  14012.003    14068.867    14273.048
329  mtMet+F+I+G4  6933.793     74  14015.586    14074.316    14280.206
341  mtVer+G4      7278.221     54  14664.442    14692.863    14857.543
342  mtVer+I+G4    7280.190     55  14670.381    14699.996    14867.058
354  mtVer+F+G4    7031.537     73  14209.074    14265.937    14470.118
355  mtVer+F+I+G4  7030.341     74  14208.683    14267.413    14473.303
367  mtInv+G4      7289.856     54  14687.713    14716.134    14880.814
368  mtInv+I+G4    7290.209     55  14690.417    14720.033    14887.095
380  mtInv+F+G4    6885.595     73  13917.191    13974.054    14178.235
381  mtInv+F+I+G4  6886.028     74  13920.055    13978.785    14184.675
393  mtMAM+G4      7331.105     54  14770.210    14798.631    14963.311
394  mtMAM+I+G4    7327.128     55  14764.257    14793.872    14960.934
406  mtMAM+F+G4    7059.435     73  14264.870    14321.733    14525.914
407  mtMAM+F+I+G4  7057.245     74  14262.489    14321.219    14527.109
419  HIVb+G4       7038.560     54  14185.119    14213.540    14378.221
420  HIVb+I+G4     7037.625     55  14185.250    14214.865    14381.927
432  HIVb+F+G4     7039.648     73  14225.297    14282.160    14486.341
433  HIVb+F+I+G4   7039.213     74  14226.426    14285.156    14491.046
445  HIVw+G4       7352.583     54  14813.165    14841.586    15006.266
446  HIVw+I+G4     7350.387     55  14810.774    14840.390    15007.452
458  HIVw+F+G4     7236.251     73  14618.501    14675.364    14879.546
459  HIVw+F+I+G4   7235.311     74  14618.622    14677.353    14883.243
471  FLU+G4        7031.589     54  14171.178    14199.599    14364.279
472  FLU+I+G4      7031.297     55  14172.595    14202.210    14369.272
484  FLU+F+G4      6995.721     73  14137.442    14194.305    14398.487
485  FLU+F+I+G4    6996.339     74  14140.678    14199.409    14405.299
497  rtREV+G4      6832.894     54  13773.788    13802.209    13966.889
498  rtREV+I+G4    6831.317     55  13772.634    13802.250    13969.311
510  rtREV+F+G4    6790.230     73  13726.460    13783.323    13987.504
511  rtREV+F+I+G4  6789.625     74  13727.250    13785.980    13991.870
523  cpREV+G4      6845.163     54  13798.326    13826.747    13991.427
524  cpREV+I+G4    6842.954     55  13795.908    13825.524    13992.586
536  cpREV+F+G4    6840.149     73  13826.299    13883.162    14087.343
537  cpREV+F+I+G4  6838.064     74  13824.127    13882.857    14088.748
Akaike Information Criterion:           LG+G4
Corrected Akaike Information Criterion: LG+G4
Bayesian Information Criterion:         LG+G4
Best-fit model: LG+G4 chosen according to BIC

All model information printed to trimmed_seq.fa.model.gz
CPU time for ModelFinder: 75.663 seconds (0h:1m:15s)
Wall-clock time for ModelFinder: 25.834 seconds (0h:0m:25s)

NOTE: 4 MB RAM (0 GB) is required!
Estimate model parameters (epsilon = 0.100)
1. Initial log-likelihood: -6783.414
Optimal log-likelihood: -6783.406
Gamma shape alpha: 0.802
Parameters optimization took 1 rounds (0.018 sec)
Computing ML distances based on estimated model parameters... 0.081 sec
Computing BIONJ tree...
0.012 seconds
Log-likelihood of BIONJ tree: -6788.514
--------------------------------------------------------------------
|             INITIALIZING CANDIDATE TREE SET                      |
--------------------------------------------------------------------
Generating 98 parsimony trees... 0.184 second
Computing log-likelihood of 98 initial trees ... 0.990 seconds
Current best score: -6783.406

Do NNI search on 20 best initial trees
Estimate model parameters (epsilon = 0.100)
BETTER TREE FOUND at iteration 1: -6783.402
Iteration 10 / LogL: -6790.045 / Time: 0h:0m:2s
Iteration 20 / LogL: -6787.593 / Time: 0h:0m:3s
Finish initializing candidate tree set (12)
Current best tree score: -6783.402 / CPU time: 3.876
Number of iterations: 20
--------------------------------------------------------------------
|               OPTIMIZING CANDIDATE TREE SET                      |
--------------------------------------------------------------------
Iteration 30 / LogL: -6783.477 / Time: 0h:0m:5s (0h:0m:13s left)
Iteration 40 / LogL: -6783.412 / Time: 0h:0m:6s (0h:0m:10s left)
Iteration 50 / LogL: -6784.957 / Time: 0h:0m:8s (0h:0m:8s left)
Iteration 60 / LogL: -6783.408 / Time: 0h:0m:9s (0h:0m:6s left)
Iteration 70 / LogL: -6788.963 / Time: 0h:0m:10s (0h:0m:4s left)
Iteration 80 / LogL: -6783.516 / Time: 0h:0m:12s (0h:0m:3s left)
Iteration 90 / LogL: -6783.538 / Time: 0h:0m:13s (0h:0m:1s left)
Iteration 100 / LogL: -6783.633 / Time: 0h:0m:14s (0h:0m:0s left)
TREE SEARCH COMPLETED AFTER 102 ITERATIONS / Time: 0h:0m:14s

--------------------------------------------------------------------
|                    FINALIZING TREE SEARCH                        |
--------------------------------------------------------------------
Performs final model parameters optimization
Estimate model parameters (epsilon = 0.010)
1. Initial log-likelihood: -6783.402
Optimal log-likelihood: -6783.401
Gamma shape alpha: 0.802
Parameters optimization took 1 rounds (0.019 sec)
BEST SCORE FOUND : -6783.401
Total tree length: 16.820

Total number of iterations: 102
CPU time used for tree search: 56.972 sec (0h:0m:56s)
Wall-clock time used for tree search: 14.820 sec (0h:0m:14s)
Total CPU time used: 57.417 sec (0h:0m:57s)
Total wall-clock time used: 14.950 sec (0h:0m:14s)

Analysis results written to: 
  IQ-TREE report:                trimmed_seq.fa.iqtree
  Maximum-likelihood tree:       trimmed_seq.fa.treefile
  Likelihood distances:          trimmed_seq.fa.mldist
  Screen log file:               trimmed_seq.fa.log

Date and Time: Wed Jun  8 15:31:24 2022
